[INFO] 2025/06/24 20:05:03: Checking all possible Updates ......
[INFO] 2025/06/24 20:06:01: Checking all possible Updates ......
[INFO] 2025/06/24 20:06:01: COMPLETE all possible updates :)
[INFO] 2025/06/24 20:06:38: Checking all possible Updates ......
[INFO] 2025/06/24 20:06:38: COMPLETE all possible updates :)
[INFO] 2025/06/24 20:07:14: Checking all possible Updates ......
[INFO] 2025/06/24 20:07:14: <Zerojudge> : Start fetching submissions ......
[INFO] 2025/06/24 20:07:14: <UVa> : Start fetching submissions ......
[INFO] 2025/06/24 20:07:14: <Kattis> : Start fetching submissions ......
[INFO] 2025/06/24 20:07:14: <TOJ> : Start fetching submissions ......
[INFO] 2025/06/24 20:07:14: <AtCoder> : Start fetching submissions ......
[INFO] 2025/06/24 20:07:14: <CodeForces> : Start fetching submissions ......
[INFO] 2025/06/24 20:07:15: <AtCoder> : Submissions fetching COMPLETE  :) ( 90 subs )
[INFO] 2025/06/24 20:07:15: <CodeForces> : Submissions fetching COMPLETE  :) ( 243 subs )
[INFO] 2025/06/24 20:07:18: <UVa> : Submissions fetching COMPLETE  :) ( 499 subs )
[INFO] 2025/06/24 20:07:32: <Kattis> : Submissions fetching COMPLETE  :) ( 141 subs )
[INFO] 2025/06/24 20:07:38: <Zerojudge> : Submissions fetching COMPLETE  :) ( 1055 subs )
[INFO] 2025/06/24 20:07:39: <TOJ> : Submissions fetching COMPLETE  :) ( 104 subs )
[INFO] 2025/06/24 20:07:39: Uploading submissions to SQL Server ......
[INFO] 2025/06/24 20:07:40: Connected to SQL server
[INFO] 2025/06/24 20:07:42: SQL table cleared
[INFO] 2025/06/24 20:17:10: Uploading submissions to SQL server COMPLETE :) ( 2132 subs )
[INFO] 2025/06/24 20:17:10: COMPLETE all possible updates :)
